d:\clones github\simulacionfisicavideojuegos\skeleton\release\particlesystem.obj
d:\clones github\simulacionfisicavideojuegos\skeleton\release\simpleemitter.obj
d:\clones github\simulacionfisicavideojuegos\skeleton\release\gravityfg.obj
d:\clones github\simulacionfisicavideojuegos\skeleton\release\forceregistry.obj
d:\clones github\simulacionfisicavideojuegos\skeleton\release\render.obj
d:\clones github\simulacionfisicavideojuegos\skeleton\release\callbacks.obj
d:\clones github\simulacionfisicavideojuegos\skeleton\release\worldbounds.obj
d:\clones github\simulacionfisicavideojuegos\skeleton\release\renderutils.obj
d:\clones github\simulacionfisicavideojuegos\skeleton\release\explosionfg.obj
d:\clones github\simulacionfisicavideojuegos\skeleton\release\projectile.obj
d:\clones github\simulacionfisicavideojuegos\skeleton\release\buoyancyfg.obj
d:\clones github\simulacionfisicavideojuegos\skeleton\release\camera.obj
d:\clones github\simulacionfisicavideojuegos\skeleton\release\whirlwindfg.obj
d:\clones github\simulacionfisicavideojuegos\skeleton\release\anchoredspringfg.obj
d:\clones github\simulacionfisicavideojuegos\skeleton\release\zonesphere.obj
d:\clones github\simulacionfisicavideojuegos\skeleton\release\main.obj
d:\clones github\simulacionfisicavideojuegos\skeleton\release\rigidworld.obj
d:\clones github\simulacionfisicavideojuegos\skeleton\release\particle.obj
d:\clones github\simulacionfisicavideojuegos\skeleton\release\forcegenerator.obj
d:\clones github\simulacionfisicavideojuegos\skeleton\release\vector3d.obj
d:\clones github\simulacionfisicavideojuegos\skeleton\release\windfg.obj
d:\clones github\simulacionfisicavideojuegos\bin\game.pdb
d:\clones github\simulacionfisicavideojuegos\bin\game.exe
d:\clones github\simulacionfisicavideojuegos\skeleton\release\game.tlog\cl.command.1.tlog
d:\clones github\simulacionfisicavideojuegos\skeleton\release\game.tlog\cl.items.tlog
d:\clones github\simulacionfisicavideojuegos\skeleton\release\game.tlog\cl.read.1.tlog
d:\clones github\simulacionfisicavideojuegos\skeleton\release\game.tlog\cl.write.1.tlog
d:\clones github\simulacionfisicavideojuegos\skeleton\release\game.tlog\link.command.1.tlog
d:\clones github\simulacionfisicavideojuegos\skeleton\release\game.tlog\link.read.1.tlog
d:\clones github\simulacionfisicavideojuegos\skeleton\release\game.tlog\link.secondary.1.tlog
d:\clones github\simulacionfisicavideojuegos\skeleton\release\game.tlog\link.write.1.tlog
